<?xml version="1.0" encoding="UTF-8"?>
<testng-results retried="1" ignored="0" total="6" passed="4" failed="1" skipped="0">
  <reporter-output>
  </reporter-output>
  <suite started-at="2024-05-06T11:46:32 IST" name="Suite" finished-at="2024-05-06T11:47:41 IST" duration-ms="68754">
    <groups>
      <group name="ErrorHandling">
        <method signature="Errorhandlingproject.submitOrder()[pri:0, instance:rahulshettyacademy.pageobjects.Errorhandlingproject@177bea38]" name="submitOrder" class="rahulshettyacademy.pageobjects.Errorhandlingproject"/>
      </group> <!-- ErrorHandling -->
      <group name="Purchase">
        <method signature="Submitorderproject.submitOrder(java.util.HashMap)[pri:0, instance:rahulshettyacademy.pageobjects.Submitorderproject@3abada5a]" name="submitOrder" class="rahulshettyacademy.pageobjects.Submitorderproject"/>
      </group> <!-- Purchase -->
    </groups>
    <test started-at="2024-05-06T11:46:32 IST" name="Submit order Project" finished-at="2024-05-06T11:47:33 IST" duration-ms="61265">
      <class name="rahulshettyacademy.pageobjects.Submitorderproject">
        <test-method is-config="true" signature="launchApplication()[pri:0, instance:rahulshettyacademy.pageobjects.Submitorderproject@3abada5a]" started-at="2024-05-06T11:46:33 IST" name="launchApplication" finished-at="2024-05-06T11:46:46 IST" duration-ms="12931" status="PASS">
          <reporter-output>
          </reporter-output>
        </test-method> <!-- launchApplication -->
        <test-method signature="submitOrder(java.util.HashMap)[pri:0, instance:rahulshettyacademy.pageobjects.Submitorderproject@3abada5a]" started-at="2024-05-06T11:46:46 IST" name="submitOrder" data-provider="getData" finished-at="2024-05-06T11:46:53 IST" duration-ms="7233" status="PASS">
          <params>
            <param index="0">
              <value>
                <![CDATA[{password=rahulSelenium4, product=ZARA COAT 3, email=saininancy110@gmail.com}]]>
              </value>
            </param>
          </params>
          <reporter-output>
          </reporter-output>
        </test-method> <!-- submitOrder -->
        <test-method is-config="true" signature="turnoff()[pri:0, instance:rahulshettyacademy.pageobjects.Submitorderproject@3abada5a]" started-at="2024-05-06T11:46:53 IST" name="turnoff" finished-at="2024-05-06T11:46:54 IST" duration-ms="1207" status="PASS">
          <reporter-output>
          </reporter-output>
        </test-method> <!-- turnoff -->
        <test-method is-config="true" signature="launchApplication()[pri:0, instance:rahulshettyacademy.pageobjects.Submitorderproject@3abada5a]" started-at="2024-05-06T11:46:54 IST" name="launchApplication" finished-at="2024-05-06T11:47:10 IST" duration-ms="16189" status="PASS">
          <reporter-output>
          </reporter-output>
        </test-method> <!-- launchApplication -->
        <test-method signature="submitOrder(java.util.HashMap)[pri:0, instance:rahulshettyacademy.pageobjects.Submitorderproject@3abada5a]" started-at="2024-05-06T11:47:10 IST" name="submitOrder" data-provider="getData" finished-at="2024-05-06T11:47:17 IST" duration-ms="6647" status="PASS">
          <params>
            <param index="0">
              <value>
                <![CDATA[{password=Iamking@000, product=ADIDAS ORIGINAL, email=anshika@gmail.com}]]>
              </value>
            </param>
          </params>
          <reporter-output>
          </reporter-output>
        </test-method> <!-- submitOrder -->
        <test-method is-config="true" signature="turnoff()[pri:0, instance:rahulshettyacademy.pageobjects.Submitorderproject@3abada5a]" started-at="2024-05-06T11:47:17 IST" name="turnoff" finished-at="2024-05-06T11:47:21 IST" duration-ms="4433" status="PASS">
          <reporter-output>
          </reporter-output>
        </test-method> <!-- turnoff -->
        <test-method is-config="true" signature="launchApplication()[pri:0, instance:rahulshettyacademy.pageobjects.Submitorderproject@3abada5a]" started-at="2024-05-06T11:47:21 IST" name="launchApplication" finished-at="2024-05-06T11:47:30 IST" duration-ms="8444" status="PASS">
          <reporter-output>
          </reporter-output>
        </test-method> <!-- launchApplication -->
        <test-method signature="OrderHistoryTest()[pri:0, instance:rahulshettyacademy.pageobjects.Submitorderproject@3abada5a]" started-at="2024-05-06T11:47:30 IST" name="OrderHistoryTest" finished-at="2024-05-06T11:47:33 IST" depends-on-methods="rahulshettyacademy.pageobjects.Submitorderproject.submitOrder" duration-ms="3120" status="PASS">
          <reporter-output>
          </reporter-output>
        </test-method> <!-- OrderHistoryTest -->
        <test-method is-config="true" signature="turnoff()[pri:0, instance:rahulshettyacademy.pageobjects.Submitorderproject@3abada5a]" started-at="2024-05-06T11:47:33 IST" name="turnoff" finished-at="2024-05-06T11:47:33 IST" duration-ms="417" status="PASS">
          <reporter-output>
          </reporter-output>
        </test-method> <!-- turnoff -->
      </class> <!-- rahulshettyacademy.pageobjects.Submitorderproject -->
    </test> <!-- Submit order Project -->
    <test started-at="2024-05-06T11:46:32 IST" name="Error handling project" finished-at="2024-05-06T11:47:41 IST" duration-ms="68754">
      <class name="rahulshettyacademy.pageobjects.Errorhandlingproject">
        <test-method is-config="true" signature="launchApplication()[pri:0, instance:rahulshettyacademy.pageobjects.Errorhandlingproject@177bea38]" started-at="2024-05-06T11:46:32 IST" name="launchApplication" finished-at="2024-05-06T11:46:41 IST" duration-ms="9110" status="PASS">
          <reporter-output>
          </reporter-output>
        </test-method> <!-- launchApplication -->
        <test-method signature="ProductErrorValidation()[pri:0, instance:rahulshettyacademy.pageobjects.Errorhandlingproject@177bea38]" started-at="2024-05-06T11:46:41 IST" name="ProductErrorValidation" finished-at="2024-05-06T11:46:52 IST" duration-ms="11118" status="PASS">
          <reporter-output>
          </reporter-output>
        </test-method> <!-- ProductErrorValidation -->
        <test-method is-config="true" signature="turnoff()[pri:0, instance:rahulshettyacademy.pageobjects.Errorhandlingproject@177bea38]" started-at="2024-05-06T11:46:52 IST" name="turnoff" finished-at="2024-05-06T11:46:53 IST" duration-ms="906" status="PASS">
          <reporter-output>
          </reporter-output>
        </test-method> <!-- turnoff -->
        <test-method is-config="true" signature="launchApplication()[pri:0, instance:rahulshettyacademy.pageobjects.Errorhandlingproject@177bea38]" started-at="2024-05-06T11:46:53 IST" name="launchApplication" finished-at="2024-05-06T11:47:04 IST" duration-ms="11014" status="PASS">
          <reporter-output>
          </reporter-output>
        </test-method> <!-- launchApplication -->
        <test-method retried="true" signature="submitOrder()[pri:0, instance:rahulshettyacademy.pageobjects.Errorhandlingproject@177bea38]" started-at="2024-05-06T11:47:04 IST" name="submitOrder" finished-at="2024-05-06T11:47:13 IST" duration-ms="9020" status="SKIP">
          <exception class="java.lang.AssertionError">
            <message>
              <![CDATA[expected [Incorrect email or password.] but found [Incorrect email or pas@sword.]]]>
            </message>
            <full-stacktrace>
              <![CDATA[java.lang.AssertionError: expected [Incorrect email or password.] but found [Incorrect email or pas@sword.]
at org.testng.Assert.fail(Assert.java:99)
at org.testng.Assert.failNotEquals(Assert.java:1037)
at org.testng.Assert.assertEqualsImpl(Assert.java:140)
at org.testng.Assert.assertEquals(Assert.java:122)
at org.testng.Assert.assertEquals(Assert.java:629)
at org.testng.Assert.assertEquals(Assert.java:639)
at rahulshettyacademy.pageobjects.Errorhandlingproject.submitOrder(Errorhandlingproject.java:24)
at java.base/jdk.internal.reflect.NativeMethodAccessorImpl.invoke0(Native Method)
at java.base/jdk.internal.reflect.NativeMethodAccessorImpl.invoke(NativeMethodAccessorImpl.java:77)
at java.base/jdk.internal.reflect.DelegatingMethodAccessorImpl.invoke(DelegatingMethodAccessorImpl.java:43)
at java.base/java.lang.reflect.Method.invoke(Method.java:568)
at org.testng.internal.MethodInvocationHelper.invokeMethod(MethodInvocationHelper.java:133)
at org.testng.internal.TestInvoker.invokeMethod(TestInvoker.java:598)
at org.testng.internal.TestInvoker.invokeTestMethod(TestInvoker.java:173)
at org.testng.internal.MethodRunner.runInSequence(MethodRunner.java:46)
at org.testng.internal.TestInvoker$MethodInvocationAgent.invoke(TestInvoker.java:824)
at org.testng.internal.TestInvoker.invokeTestMethods(TestInvoker.java:146)
at org.testng.internal.TestMethodWorker.invokeTestMethods(TestMethodWorker.java:146)
at org.testng.internal.TestMethodWorker.run(TestMethodWorker.java:128)
at java.base/java.util.ArrayList.forEach(ArrayList.java:1511)
at org.testng.TestRunner.privateRun(TestRunner.java:794)
at org.testng.TestRunner.run(TestRunner.java:596)
at org.testng.SuiteRunner.runTest(SuiteRunner.java:377)
at org.testng.SuiteRunner.access$000(SuiteRunner.java:28)
at org.testng.SuiteRunner$SuiteWorker.run(SuiteRunner.java:418)
at org.testng.internal.thread.ThreadUtil.lambda$execute$0(ThreadUtil.java:64)
at java.base/java.util.concurrent.FutureTask.run(FutureTask.java:264)
at java.base/java.util.concurrent.ThreadPoolExecutor.runWorker(ThreadPoolExecutor.java:1136)
at java.base/java.util.concurrent.ThreadPoolExecutor$Worker.run(ThreadPoolExecutor.java:635)
at java.base/java.lang.Thread.run(Thread.java:840)
]]>
            </full-stacktrace>
          </exception> <!-- java.lang.AssertionError -->
          <reporter-output>
          </reporter-output>
        </test-method> <!-- submitOrder -->
        <test-method is-config="true" signature="turnoff()[pri:0, instance:rahulshettyacademy.pageobjects.Errorhandlingproject@177bea38]" started-at="2024-05-06T11:47:13 IST" name="turnoff" finished-at="2024-05-06T11:47:14 IST" duration-ms="860" status="PASS">
          <reporter-output>
          </reporter-output>
        </test-method> <!-- turnoff -->
        <test-method is-config="true" signature="launchApplication()[pri:0, instance:rahulshettyacademy.pageobjects.Errorhandlingproject@177bea38]" started-at="2024-05-06T11:47:14 IST" name="launchApplication" finished-at="2024-05-06T11:47:24 IST" duration-ms="9411" status="PASS">
          <reporter-output>
          </reporter-output>
        </test-method> <!-- launchApplication -->
        <test-method signature="submitOrder()[pri:0, instance:rahulshettyacademy.pageobjects.Errorhandlingproject@177bea38]" started-at="2024-05-06T11:47:24 IST" name="submitOrder" finished-at="2024-05-06T11:47:39 IST" duration-ms="15299" status="FAIL">
          <exception class="org.openqa.selenium.NoSuchElementException">
            <message>
              <![CDATA[no such element: Unable to locate element: {"method":"css selector","selector":"[class*='flyInOut']"}
  (Session info: MicrosoftEdge=124.0.2478.80)
For documentation on this error, please visit: https://www.selenium.dev/documentation/webdriver/troubleshooting/errors#no-such-element-exception
Build info: version: '4.20.0', revision: '866c76ca80'
System info: os.name: 'Windows 11', os.arch: 'amd64', os.version: '10.0', java.version: '17.0.10'
Driver info: org.openqa.selenium.edge.EdgeDriver
Command: [5bbdb402be8bcd33e7f13356a07e6dea, findElement {value=[class*='flyInOut'], using=css selector}]
Capabilities {acceptInsecureCerts: false, browserName: MicrosoftEdge, browserVersion: 124.0.2478.80, fedcm:accounts: true, ms:edgeOptions: {debuggerAddress: localhost:63757}, msedge: {msedgedriverVersion: 123.0.2420.97 (ba5f45140663..., userDataDir: C:\Users\Hp\AppData\Local\T...}, networkConnectionEnabled: false, pageLoadStrategy: normal, platformName: windows, proxy: Proxy(), se:cdp: ws://localhost:63757/devtoo..., se:cdpVersion: 124.0.2478.80, setWindowRect: true, strictFileInteractability: false, timeouts: {implicit: 0, pageLoad: 300000, script: 30000}, unhandledPromptBehavior: dismiss and notify, webauthn:extension:credBlob: true, webauthn:extension:largeBlob: true, webauthn:extension:minPinLength: true, webauthn:extension:prf: true, webauthn:virtualAuthenticators: true}
Session ID: 5bbdb402be8bcd33e7f13356a07e6dea]]>
            </message>
            <full-stacktrace>
              <![CDATA[org.openqa.selenium.NoSuchElementException: no such element: Unable to locate element: {"method":"css selector","selector":"[class*='flyInOut']"}
  (Session info: MicrosoftEdge=124.0.2478.80)
For documentation on this error, please visit: https://www.selenium.dev/documentation/webdriver/troubleshooting/errors#no-such-element-exception
Build info: version: '4.20.0', revision: '866c76ca80'
System info: os.name: 'Windows 11', os.arch: 'amd64', os.version: '10.0', java.version: '17.0.10'
Driver info: org.openqa.selenium.edge.EdgeDriver
Command: [5bbdb402be8bcd33e7f13356a07e6dea, findElement {value=[class*='flyInOut'], using=css selector}]
Capabilities {acceptInsecureCerts: false, browserName: MicrosoftEdge, browserVersion: 124.0.2478.80, fedcm:accounts: true, ms:edgeOptions: {debuggerAddress: localhost:63757}, msedge: {msedgedriverVersion: 123.0.2420.97 (ba5f45140663..., userDataDir: C:\Users\Hp\AppData\Local\T...}, networkConnectionEnabled: false, pageLoadStrategy: normal, platformName: windows, proxy: Proxy(), se:cdp: ws://localhost:63757/devtoo..., se:cdpVersion: 124.0.2478.80, setWindowRect: true, strictFileInteractability: false, timeouts: {implicit: 0, pageLoad: 300000, script: 30000}, unhandledPromptBehavior: dismiss and notify, webauthn:extension:credBlob: true, webauthn:extension:largeBlob: true, webauthn:extension:minPinLength: true, webauthn:extension:prf: true, webauthn:virtualAuthenticators: true}
Session ID: 5bbdb402be8bcd33e7f13356a07e6dea
at java.base/jdk.internal.reflect.NativeConstructorAccessorImpl.newInstance0(Native Method)
at java.base/jdk.internal.reflect.NativeConstructorAccessorImpl.newInstance(NativeConstructorAccessorImpl.java:77)
at java.base/jdk.internal.reflect.DelegatingConstructorAccessorImpl.newInstance(DelegatingConstructorAccessorImpl.java:45)
at java.base/java.lang.reflect.Constructor.newInstanceWithCaller(Constructor.java:499)
at java.base/java.lang.reflect.Constructor.newInstance(Constructor.java:480)
at org.openqa.selenium.remote.ErrorCodec.decode(ErrorCodec.java:167)
at org.openqa.selenium.remote.codec.w3c.W3CHttpResponseCodec.decode(W3CHttpResponseCodec.java:138)
at org.openqa.selenium.remote.codec.w3c.W3CHttpResponseCodec.decode(W3CHttpResponseCodec.java:50)
at org.openqa.selenium.remote.HttpCommandExecutor.execute(HttpCommandExecutor.java:190)
at org.openqa.selenium.remote.service.DriverCommandExecutor.invokeExecute(DriverCommandExecutor.java:216)
at org.openqa.selenium.remote.service.DriverCommandExecutor.execute(DriverCommandExecutor.java:174)
at org.openqa.selenium.remote.RemoteWebDriver.execute(RemoteWebDriver.java:518)
at org.openqa.selenium.remote.ElementLocation$ElementFinder$2.findElement(ElementLocation.java:165)
at org.openqa.selenium.remote.ElementLocation.findElement(ElementLocation.java:59)
at org.openqa.selenium.remote.RemoteWebDriver.findElement(RemoteWebDriver.java:355)
at org.openqa.selenium.remote.RemoteWebDriver.findElement(RemoteWebDriver.java:349)
at org.openqa.selenium.support.pagefactory.DefaultElementLocator.findElement(DefaultElementLocator.java:68)
at org.openqa.selenium.support.pagefactory.internal.LocatingElementHandler.invoke(LocatingElementHandler.java:38)
at jdk.proxy2/jdk.proxy2.$Proxy16.getText(Unknown Source)
at rahulshettyacademy.pageobject.Landingpage.errorhandle(Landingpage.java:48)
at rahulshettyacademy.pageobjects.Errorhandlingproject.submitOrder(Errorhandlingproject.java:24)
at java.base/jdk.internal.reflect.NativeMethodAccessorImpl.invoke0(Native Method)
at java.base/jdk.internal.reflect.NativeMethodAccessorImpl.invoke(NativeMethodAccessorImpl.java:77)
at java.base/jdk.internal.reflect.DelegatingMethodAccessorImpl.invoke(DelegatingMethodAccessorImpl.java:43)
at java.base/java.lang.reflect.Method.invoke(Method.java:568)
at org.testng.internal.MethodInvocationHelper.invokeMethod(MethodInvocationHelper.java:133)
at org.testng.internal.TestInvoker.invokeMethod(TestInvoker.java:598)
at org.testng.internal.TestInvoker.retryFailed(TestInvoker.java:213)
at org.testng.internal.MethodRunner.runInSequence(MethodRunner.java:58)
at org.testng.internal.TestInvoker$MethodInvocationAgent.invoke(TestInvoker.java:824)
at org.testng.internal.TestInvoker.invokeTestMethods(TestInvoker.java:146)
at org.testng.internal.TestMethodWorker.invokeTestMethods(TestMethodWorker.java:146)
at org.testng.internal.TestMethodWorker.run(TestMethodWorker.java:128)
at java.base/java.util.ArrayList.forEach(ArrayList.java:1511)
at org.testng.TestRunner.privateRun(TestRunner.java:794)
at org.testng.TestRunner.run(TestRunner.java:596)
at org.testng.SuiteRunner.runTest(SuiteRunner.java:377)
at org.testng.SuiteRunner.access$000(SuiteRunner.java:28)
at org.testng.SuiteRunner$SuiteWorker.run(SuiteRunner.java:418)
at org.testng.internal.thread.ThreadUtil.lambda$execute$0(ThreadUtil.java:64)
at java.base/java.util.concurrent.FutureTask.run(FutureTask.java:264)
at java.base/java.util.concurrent.ThreadPoolExecutor.runWorker(ThreadPoolExecutor.java:1136)
at java.base/java.util.concurrent.ThreadPoolExecutor$Worker.run(ThreadPoolExecutor.java:635)
at java.base/java.lang.Thread.run(Thread.java:840)
]]>
            </full-stacktrace>
          </exception> <!-- org.openqa.selenium.NoSuchElementException -->
          <reporter-output>
          </reporter-output>
        </test-method> <!-- submitOrder -->
        <test-method is-config="true" signature="turnoff()[pri:0, instance:rahulshettyacademy.pageobjects.Errorhandlingproject@177bea38]" started-at="2024-05-06T11:47:40 IST" name="turnoff" finished-at="2024-05-06T11:47:41 IST" duration-ms="586" status="PASS">
          <reporter-output>
          </reporter-output>
        </test-method> <!-- turnoff -->
      </class> <!-- rahulshettyacademy.pageobjects.Errorhandlingproject -->
    </test> <!-- Error handling project -->
  </suite> <!-- Suite -->
</testng-results>
